<?xml version="1.0" encoding="UTF-8"?>
<testng-results ignored="0" total="1" passed="1" failed="0" skipped="0">
  <reporter-output>
  </reporter-output>
  <suite started-at="2022-01-05T01:24:58 CST" name="Default suite" finished-at="2022-01-05T01:25:22 CST" duration-ms="24009">
    <groups>
    </groups>
    <test started-at="2022-01-05T01:24:58 CST" name="Default test" finished-at="2022-01-05T01:25:22 CST" duration-ms="24009">
      <class name="homework_15.Use_of_navigate_to_back_forward_refresh_methods">
        <test-method is-config="true" signature="setup()[pri:0, instance:homework_15.Use_of_navigate_to_back_forward_refresh_methods@53fdffa1]" started-at="2022-01-05T01:24:58 CST" name="setup" finished-at="2022-01-05T01:25:08 CST" duration-ms="9369" status="PASS">
          <reporter-output>
          </reporter-output>
        </test-method> <!-- setup -->
        <test-method signature="TestField()[pri:1, instance:homework_15.Use_of_navigate_to_back_forward_refresh_methods@53fdffa1]" started-at="2022-01-05T01:25:08 CST" name="TestField" finished-at="2022-01-05T01:25:22 CST" duration-ms="14355" status="PASS">
          <reporter-output>
          </reporter-output>
        </test-method> <!-- TestField -->
        <test-method is-config="true" signature="tearUp()[pri:0, instance:homework_15.Use_of_navigate_to_back_forward_refresh_methods@53fdffa1]" started-at="2022-01-05T01:25:22 CST" name="tearUp" finished-at="2022-01-05T01:25:22 CST" duration-ms="215" status="PASS">
          <reporter-output>
          </reporter-output>
        </test-method> <!-- tearUp -->
      </class> <!-- homework_15.Use_of_navigate_to_back_forward_refresh_methods -->
    </test> <!-- Default test -->
  </suite> <!-- Default suite -->
</testng-results>
